\BOOKMARK [1][-]{section.1}{\376\377\000I\000n\000t\000r\000o\000d\000u\000c\000t\000i\000o\000n}{}% 1
\BOOKMARK [1][-]{section.2}{\376\377\000R\000e\000l\000a\000t\000e\000d\000\040\000W\000o\000r\000k}{}% 2
\BOOKMARK [1][-]{section.3}{\376\377\000P\000r\000o\000b\000l\000e\000m\000\040\000F\000o\000r\000m\000u\000l\000a\000t\000i\000o\000n}{}% 3
\BOOKMARK [2][-]{subsection.3.1}{\376\377\000A\000s\000y\000m\000m\000e\000t\000r\000i\000c\000\040\000T\000S\000P\000\040\000o\000n\000\040\000R\000o\000a\000d\000\040\000N\000e\000t\000w\000o\000r\000k\000s}{section.3}% 4
\BOOKMARK [2][-]{subsection.3.2}{\376\377\000T\000i\000m\000e\000-\000D\000e\000p\000e\000n\000d\000e\000n\000t\000\040\000E\000x\000t\000e\000n\000s\000i\000o\000n\000\040\000\050\000T\000D\000-\000A\000T\000S\000P\000\051}{section.3}% 5
\BOOKMARK [2][-]{subsection.3.3}{\376\377\000N\000o\000t\000a\000t\000i\000o\000n}{section.3}% 6
\BOOKMARK [2][-]{subsection.3.4}{\376\377\000R\000e\000s\000e\000a\000r\000c\000h\000\040\000H\000y\000p\000o\000t\000h\000e\000s\000e\000s}{section.3}% 7
\BOOKMARK [1][-]{section.4}{\376\377\000M\000e\000t\000h\000o\000d}{}% 8
\BOOKMARK [2][-]{subsection.4.1}{\376\377\000D\000a\000t\000a\000\040\000P\000i\000p\000e\000l\000i\000n\000e}{section.4}% 9
\BOOKMARK [2][-]{subsection.4.2}{\376\377\000D\000i\000r\000e\000c\000t\000e\000d\000\040\000G\000N\000N\000\040\000E\000d\000g\000e\000\040\000S\000c\000o\000r\000e\000r}{section.4}% 10
\BOOKMARK [2][-]{subsection.4.3}{\376\377\000L\000e\000a\000r\000n\000e\000d\000\040\000C\000a\000n\000d\000i\000d\000a\000t\000e\000\040\000S\000e\000t\000\040\000G\000e\000n\000e\000r\000a\000t\000i\000o\000n}{section.4}% 11
\BOOKMARK [2][-]{subsection.4.4}{\376\377\000R\000L\000-\000G\000u\000i\000d\000e\000d\000\040\000L\000o\000c\000a\000l\000\040\000S\000e\000a\000r\000c\000h}{section.4}% 12
\BOOKMARK [2][-]{subsection.4.5}{\376\377\000H\000y\000b\000r\000i\000d\000\040\000S\000o\000l\000v\000e\000r\000\040\000P\000i\000p\000e\000l\000i\000n\000e}{section.4}% 13
\BOOKMARK [2][-]{subsection.4.6}{\376\377\000T\000i\000m\000e\000-\000D\000e\000p\000e\000n\000d\000e\000n\000t\000\040\000T\000r\000a\000f\000f\000i\000c\000\040\000M\000o\000d\000e\000l}{section.4}% 14
\BOOKMARK [1][-]{section.5}{\376\377\000E\000x\000p\000e\000r\000i\000m\000e\000n\000t\000a\000l\000\040\000S\000e\000t\000u\000p}{}% 15
\BOOKMARK [2][-]{subsection.5.1}{\376\377\000B\000e\000n\000c\000h\000m\000a\000r\000k\000\040\000I\000n\000s\000t\000a\000n\000c\000e\000s}{section.5}% 16
\BOOKMARK [2][-]{subsection.5.2}{\376\377\000B\000a\000s\000e\000l\000i\000n\000e\000s}{section.5}% 17
\BOOKMARK [2][-]{subsection.5.3}{\376\377\000E\000v\000a\000l\000u\000a\000t\000i\000o\000n\000\040\000P\000r\000o\000t\000o\000c\000o\000l}{section.5}% 18
\BOOKMARK [2][-]{subsection.5.4}{\376\377\000H\000y\000p\000e\000r\000p\000a\000r\000a\000m\000e\000t\000e\000r\000s}{section.5}% 19
\BOOKMARK [1][-]{section.6}{\376\377\000R\000e\000s\000u\000l\000t\000s}{}% 20
\BOOKMARK [2][-]{subsection.6.1}{\376\377\000B\000a\000s\000e\000l\000i\000n\000e\000\040\000P\000e\000r\000f\000o\000r\000m\000a\000n\000c\000e}{section.6}% 21
\BOOKMARK [2][-]{subsection.6.2}{\376\377\000T\000i\000m\000e\000-\000B\000u\000d\000g\000e\000t\000\040\000A\000n\000a\000l\000y\000s\000i\000s}{section.6}% 22
\BOOKMARK [2][-]{subsection.6.3}{\376\377\000C\000a\000n\000d\000i\000d\000a\000t\000e\000\040\000S\000e\000t\000\040\000Q\000u\000a\000l\000i\000t\000y}{section.6}% 23
\BOOKMARK [2][-]{subsection.6.4}{\376\377\000R\000L\000\040\000L\000o\000c\000a\000l\000\040\000S\000e\000a\000r\000c\000h}{section.6}% 24
\BOOKMARK [2][-]{subsection.6.5}{\376\377\000A\000b\000l\000a\000t\000i\000o\000n\000\040\000S\000t\000u\000d\000y}{section.6}% 25
\BOOKMARK [2][-]{subsection.6.6}{\376\377\000S\000c\000a\000l\000a\000b\000i\000l\000i\000t\000y}{section.6}% 26
\BOOKMARK [2][-]{subsection.6.7}{\376\377\000S\000t\000a\000t\000i\000s\000t\000i\000c\000a\000l\000\040\000S\000i\000g\000n\000i\000f\000i\000c\000a\000n\000c\000e}{section.6}% 27
\BOOKMARK [2][-]{subsection.6.8}{\376\377\000T\000r\000a\000f\000f\000i\000c\000\040\000I\000m\000p\000a\000c\000t}{section.6}% 28
\BOOKMARK [1][-]{section.7}{\376\377\000D\000i\000s\000c\000u\000s\000s\000i\000o\000n}{}% 29
\BOOKMARK [2][-]{subsection.7.1}{\376\377\000H\000y\000p\000o\000t\000h\000e\000s\000i\000s\000\040\000E\000v\000a\000l\000u\000a\000t\000i\000o\000n}{section.7}% 30
\BOOKMARK [2][-]{subsection.7.2}{\376\377\000K\000e\000y\000\040\000I\000n\000s\000i\000g\000h\000t\000s}{section.7}% 31
\BOOKMARK [2][-]{subsection.7.3}{\376\377\000C\000o\000m\000p\000a\000r\000i\000s\000o\000n\000\040\000w\000i\000t\000h\000\040\000P\000r\000i\000o\000r\000\040\000W\000o\000r\000k}{section.7}% 32
\BOOKMARK [2][-]{subsection.7.4}{\376\377\000L\000i\000m\000i\000t\000a\000t\000i\000o\000n\000s}{section.7}% 33
\BOOKMARK [1][-]{section.8}{\376\377\000C\000o\000n\000c\000l\000u\000s\000i\000o\000n}{}% 34
